TN:
SF:.\cadence\contracts\MockPriceOracle.cdc
DA:27,1
DA:28,1
DA:29,1
DA:39,0
DA:40,0
DA:43,0
DA:44,0
DA:50,0
DA:52,0
DA:58,0
DA:63,0
DA:68,0
DA:69,0
DA:70,0
DA:75,0
DA:81,7
DA:82,7
DA:83,7
DA:85,7
DA:90,1
DA:93,1
DA:97,1
DA:98,1
DA:105,1
DA:106,1
DA:108,1
LF:26
LH:14
end_of_record
TN:
SF:.\cadence\contracts\OverflowGame.cdc
DA:172,8
DA:173,8
DA:174,8
DA:175,8
DA:204,0
DA:205,0
DA:206,0
DA:207,0
DA:208,0
DA:263,7
DA:265,7
DA:266,7
DA:267,7
DA:268,7
DA:269,7
DA:272,7
DA:275,7
DA:278,7
DA:284,0
DA:290,1
DA:296,1
DA:302,1
DA:308,1
DA:314,1
DA:320,1
DA:326,1
DA:332,1
DA:338,0
DA:351,1
DA:359,0
DA:363,0
DA:371,0
DA:372,0
DA:376,0
DA:382,0
DA:404,0
DA:414,0
DA:418,0
DA:422,0
DA:423,0
DA:427,0
DA:430,0
DA:431,0
DA:435,0
DA:438,0
DA:442,0
DA:444,0
DA:447,0
DA:450,0
DA:457,0
DA:458,0
DA:465,0
DA:466,0
DA:488,0
DA:489,0
DA:490,0
DA:494,0
DA:495,0
DA:496,0
DA:497,0
DA:498,0
DA:503,0
DA:504,0
DA:507,0
DA:510,0
DA:512,0
DA:515,0
DA:516,0
DA:519,0
DA:529,0
DA:530,0
DA:533,0
DA:536,0
DA:537,0
DA:539,0
DA:554,0
DA:564,0
DA:567,0
DA:568,0
DA:571,0
DA:575,0
DA:578,0
DA:584,0
DA:594,0
DA:597,0
DA:600,0
DA:604,0
DA:605,0
DA:609,0
DA:612,0
DA:618,0
DA:636,7
DA:637,7
DA:638,7
DA:642,7
DA:643,0
DA:644,0
DA:645,0
DA:646,0
DA:651,7
DA:652,7
DA:658,7
DA:659,7
DA:662,7
DA:672,7
DA:673,7
DA:676,7
DA:679,7
DA:680,7
DA:682,7
DA:697,7
DA:707,0
DA:708,0
DA:709,0
DA:712,0
DA:715,0
DA:716,0
DA:720,0
DA:721,0
DA:725,0
DA:726,0
DA:727,0
DA:731,0
DA:732,0
DA:736,0
DA:739,0
DA:740,0
DA:741,0
DA:743,0
DA:745,0
DA:748,0
DA:752,0
DA:753,0
DA:755,0
DA:759,0
DA:762,0
DA:765,0
DA:767,0
DA:770,0
DA:772,0
DA:776,0
DA:785,0
DA:796,0
DA:806,0
DA:810,0
DA:813,0
DA:816,0
DA:817,0
DA:820,0
DA:823,0
DA:832,0
DA:835,0
DA:845,0
DA:846,0
DA:850,0
DA:851,0
DA:852,0
DA:855,0
DA:858,0
DA:859,0
DA:863,0
DA:864,0
DA:868,0
DA:871,0
DA:875,0
DA:878,0
DA:879,0
DA:883,0
DA:885,0
DA:888,0
DA:891,0
DA:894,0
DA:921,0
DA:934,0
DA:937,0
DA:944,4
DA:951,1
DA:988,0
DA:989,0
DA:990,0
DA:991,0
DA:992,0
DA:993,0
DA:994,0
DA:995,0
DA:996,0
DA:997,0
DA:998,0
DA:999,0
DA:1021,0
DA:1022,0
DA:1023,0
DA:1024,0
DA:1025,0
DA:1026,0
DA:1036,0
DA:1037,0
DA:1038,0
DA:1041,0
DA:1044,0
DA:1045,0
DA:1047,0
DA:1048,0
DA:1053,0
DA:1054,0
DA:1058,0
DA:1063,0
DA:1064,0
DA:1065,0
DA:1067,0
DA:1071,0
DA:1094,0
DA:1168,0
DA:1169,0
DA:1170,0
DA:1173,0
DA:1179,0
DA:1185,0
DA:1192,0
DA:1199,0
DA:1207,0
DA:1210,0
DA:1219,1
DA:1220,1
DA:1221,1
DA:1224,1
DA:1227,1
DA:1230,1
DA:1233,1
DA:1236,1
DA:1239,1
DA:1240,1
DA:1243,1
DA:1244,1
DA:1247,1
DA:1248,1
LF:236
LH:54
end_of_record
